Total Solving Time: 00:27:36
========= Crew Roster =========
No. crew = 63
Crew_10104(Base@HZPW,Stay@HZPW):Grd_100058[HZPW 05-29 00:00->05-29 23:59]-->Grd_100059[HZPW 05-30 00:00->05-30 23:59]-->2025-Jun-06 00:01:00
Crew_10134(Base@HZPW,Stay@HZPW):Flt_107561[HZPW 06-02 09:40->KKME 06-02 12:40](ddh)-->Flt_106857[KKME 06-02 19:05->VWIM 06-02 21:05]-->Flt_108007[VWIM 06-03 12:05->OETZ 06-03 15:20]-->Flt_107669[OETZ 06-04 07:20->KKME 06-04 10:05]-->Flt_109091[KKME 06-04 22:05->EYWR 06-05 00:05]-->2025-Jun-06 00:01:00
Crew_10140(Base@HZPW,Stay@HZPW):ddh_100106[HZPW 06-01 13:00->DOMU 06-01 15:00]-->Flt_106855[DOMU 06-02 07:05->OXSQ 06-02 08:55](ddh)-->Flt_108288[OXSQ 06-02 17:15->EYWR 06-02 18:55]-->Flt_106891[EYWR 06-03 08:45->FVJZ 06-03 11:15]-->Flt_109406[FVJZ 06-03 12:20->EYWR 06-03 14:30]-->Flt_109440[EYWR 06-03 18:40->NLLA 06-03 20:45]-->Flt_108704[NLLA 06-04 17:30->YAFY 06-04 19:40]-->Flt_107646[YAFY 06-04 20:45->NLLA 06-04 22:55]-->ddh_101679[NLLA 06-05 09:15->HZPW 06-05 11:40]-->2025-Jun-06 00:01:00
Crew_10149(Base@HZPW,Stay@HZPW):ddh_100106[HZPW 06-01 13:00->DOMU 06-01 15:00]-->Flt_109333[DOMU 06-02 09:05->SFRI 06-02 11:25]-->Flt_107199[SFRI 06-02 18:00->DOMU 06-02 20:25]-->Flt_107993[DOMU 06-03 09:15->OXSQ 06-03 11:00]-->Flt_108684[OXSQ 06-03 16:00->YITW 06-03 18:00]-->Flt_108685[YITW 06-03 19:05->OXSQ 06-03 21:10]-->Flt_108334[OXSQ 06-04 14:35->UXVH 06-04 16:55]-->ddh_101417[UXVH 06-04 19:20->DOMU 06-04 21:35]-->ddh_100010[DOMU 06-05 09:20->HZPW 06-05 11:00]-->2025-Jun-06 00:01:00
Crew_10155(Base@HZPW,Stay@HZPW):2025-Jun-06 00:01:00
Crew_10224(Base@HZPW,Stay@HZPW):ddh_100106[HZPW 06-01 13:00->DOMU 06-01 15:00]-->Flt_106855[DOMU 06-02 07:05->OXSQ 06-02 08:55]-->Flt_107297[OXSQ 06-03 11:00->HZPW 06-03 12:35]-->Flt_107298[HZPW 06-03 13:30->NBCQ 06-03 15:10]-->Flt_108699[NBCQ 06-03 18:50->DOMU 06-03 20:10]-->Flt_108019[DOMU 06-04 09:05->SFRI 06-04 11:25]-->Flt_106596[SFRI 06-04 12:25->DOMU 06-04 14:45]-->Flt_106918[DOMU 06-04 17:55->QGSX 06-04 20:15]-->2025-Jun-06 00:01:00
Crew_10287(Base@HZPW,Stay@HZPW):Grd_100164[HZPW 06-02 00:00->06-06 23:59]-->2025-Jun-07 00:01:00
Crew_10344(Base@HZPW,Stay@HZPW):Grd_100221[HZPW 05-29 16:30->05-29 18:30]-->Flt_107555[HZPW 06-02 07:20->OETZ 06-02 09:55](ddh)-->Flt_106841[OETZ 06-02 21:55->EYWR 06-02 23:45]-->Flt_108360[EYWR 06-03 14:35->HEXD 06-03 17:15]-->Flt_108697[HEXD 06-03 18:20->EYWR 06-03 20:55]-->Flt_107951[EYWR 06-04 18:50->DOMU 06-04 20:30]-->ddh_100010[DOMU 06-05 09:20->HZPW 06-05 11:00]-->2025-Jun-06 00:01:00
Crew_10416(Base@HZPW,Stay@HZPW):Grd_100232[HZPW 06-01 06:00->06-01 12:00]-->ddh_100106[HZPW 06-01 13:00->DOMU 06-01 15:00]-->Flt_109357[DOMU 06-02 06:35->HIUP 06-02 08:30]-->Flt_108622[HIUP 06-02 15:25->AAHN 06-02 17:05]-->Flt_109056[AAHN 06-03 07:05->HIUP 06-03 08:55]-->Flt_107647[HIUP 06-03 16:05->EYWR 06-03 17:35]-->Flt_106564[EYWR 06-04 12:30->PNNF 06-04 14:50]-->Flt_108357[PNNF 06-04 15:55->EYWR 06-04 17:50]-->2025-Jun-06 00:01:00
Crew_10539(Base@HZPW,Stay@HZPW):Grd_100289[HZPW 05-29 05:00->05-29 18:00]-->Grd_100290[HZPW 05-29 18:01->05-29 19:59]-->Grd_100291[HZPW 06-06 05:00->06-06 18:00]-->2025-Jun-07 00:01:00
Crew_10612(Base@HZPW,Stay@HZPW):ddh_102230[HZPW 05-31 12:00->NLLA 05-31 14:45]-->ddh_100404[NLLA 06-01 16:20->VWIM 06-01 19:35]-->Flt_108264[VWIM 06-02 09:15->QGSX 06-02 11:30]-->Flt_108632[QGSX 06-02 12:20->VWIM 06-02 14:30]-->Flt_109411[VWIM 06-03 10:35->EYWR 06-03 13:00]-->Flt_107639[EYWR 06-03 19:15->VWIM 06-03 21:30]-->Flt_107235[VWIM 06-04 22:25->HZPW 06-04 23:55](ddh)-->2025-Jun-06 00:01:00
Crew_10614(Base@HZPW,Stay@HZPW):ddh_102230[HZPW 05-31 12:00->NLLA 05-31 14:45]-->ddh_100269[NLLA 06-01 13:20->EYWR 06-01 15:25]-->Flt_108998[EYWR 06-02 12:30->PNNF 06-02 14:50]-->Flt_107917[PNNF 06-02 21:10->NLLA 06-03 00:10]-->ddh_101484[NLLA 06-03 13:20->EYWR 06-03 15:25]-->Flt_108002[EYWR 06-03 18:00->PNNF 06-03 20:20]-->Flt_107650[PNNF 06-03 21:25->EYWR 06-03 23:40]-->ddh_100426[EYWR 06-04 10:00->NLLA 06-04 12:05]-->ddh_101679[NLLA 06-05 09:15->HZPW 06-05 11:40]-->2025-Jun-06 00:01:00
Crew_10620(Base@HZPW,Stay@HZPW):ddh_100106[HZPW 06-01 13:00->DOMU 06-01 15:00]-->ddh_100077[DOMU 06-02 10:30->AAHN 06-02 12:15]-->Flt_109070[AAHN 06-03 07:20->EYWR 06-03 08:45]-->Flt_107616[EYWR 06-03 11:55->WKDC 06-03 14:40]-->Flt_109438[WKDC 06-04 06:55->HZPW 06-04 09:55]-->2025-Jun-06 00:01:00
Crew_10631(Base@HZPW,Stay@HZPW):Grd_100325[HZPW 05-29 00:00->05-29 23:59]-->Grd_100326[HZPW 05-30 00:00->05-30 23:59]-->Grd_100327[HZPW 05-31 00:00->05-31 23:59]-->ddh_100106[HZPW 06-01 13:00->DOMU 06-01 15:00]-->ddh_100981[DOMU 06-02 08:25->UXVH 06-02 10:55]-->Flt_106858[UXVH 06-02 14:35->HZPW 06-02 17:05]-->Grd_100328[HZPW 06-03 05:00->06-03 18:00]-->Flt_108686[HZPW 06-04 12:30->GLHV 06-04 14:05]-->Flt_106955[GLHV 06-04 18:10->DOMU 06-04 20:00]-->ddh_100010[DOMU 06-05 09:20->HZPW 06-05 11:00]-->2025-Jun-06 00:01:00
Crew_10660(Base@HZPW,Stay@HZPW):2025-Jun-06 00:01:00
Crew_10663(Base@HZPW,Stay@HZPW):2025-Jun-06 00:01:00
Crew_10705(Base@HZPW,Stay@HZPW):2025-Jun-06 00:01:00
Crew_10754(Base@HZPW,Stay@HZPW):Flt_107925[HZPW 06-02 16:00->NLLA 06-02 19:00]-->Flt_107307[NLLA 06-03 07:40->QGSX 06-03 10:45]-->Flt_109382[QGSX 06-04 11:45->NLLA 06-04 14:40]-->Flt_109439[NLLA 06-04 19:55->KKME 06-04 22:50]-->ddh_100420[KKME 06-05 11:15->HZPW 06-05 13:45]-->2025-Jun-06 00:01:00
Crew_10895(Base@HZPW,Stay@HZPW):Grd_100453[HZPW 06-01 00:01->06-06 23:59]-->2025-Jun-07 00:01:00
Crew_10928(Base@HZPW,Stay@DOMU):2025-Jun-06 00:01:00
Crew_10931(Base@HZPW,Stay@HZPW):Grd_100576[HZPW 05-30 10:15->05-30 16:15]-->2025-Jun-06 00:01:00
Crew_10968(Base@HZPW,Stay@HZPW):ddh_100105[HZPW 05-31 13:00->DOMU 05-31 15:00]-->ddh_100076[DOMU 06-01 10:30->AAHN 06-01 12:15]-->Flt_107928[AAHN 06-02 08:10->GLHV 06-02 09:50]-->Flt_109341[GLHV 06-02 14:10->DOMU 06-02 15:55]-->ddh_100057[DOMU 06-02 19:20->HZPW 06-02 21:45]-->Flt_106909[HZPW 06-03 10:55->UXVH 06-03 13:30]-->Flt_108346[UXVH 06-03 14:35->HZPW 06-03 17:05]-->Flt_108689[HZPW 06-03 18:05->WKDC 06-03 21:30]-->Flt_109438[WKDC 06-04 06:55->HZPW 06-04 09:55](ddh)-->2025-Jun-06 00:01:00
Crew_10975(Base@HZPW,Stay@HZPW):Grd_100505[HZPW 06-01 00:01->06-06 23:59]-->2025-Jun-07 00:01:00
Crew_10980(Base@HZPW,Stay@HZPW):ddh_100106[HZPW 06-01 13:00->DOMU 06-01 15:00]-->Flt_107208[DOMU 06-02 11:30->OETZ 06-02 14:15]-->Flt_106583[OETZ 06-03 11:05->OXSQ 06-03 13:45]-->Flt_108708[OXSQ 06-03 14:45->VOXP 06-03 16:15]-->ddh_100346[VOXP 06-03 20:30->DOMU 06-03 22:30]-->Flt_107660[DOMU 06-04 10:45->YITW 06-04 14:00]-->Flt_108688[YITW 06-04 18:55->EYWR 06-04 21:30]-->2025-Jun-06 00:01:00
Crew_11159(Base@HZPW,Stay@HZPW):Grd_100572[HZPW 05-30 05:00->05-30 18:00]-->Grd_100573[HZPW 06-03 10:15->06-03 12:15]-->Flt_107284[HZPW 06-03 14:20->XLOC 06-03 16:40]-->Flt_109431[XLOC 06-03 17:40->HZPW 06-03 19:35]-->Flt_109001[HZPW 06-04 13:10->FVJZ 06-04 15:45]-->Flt_108715[FVJZ 06-04 22:05->OXSQ 06-05 00:05]-->ddh_101419[OXSQ 06-05 11:00->HZPW 06-05 12:35]-->2025-Jun-06 00:01:00
Crew_11214(Base@HZPW,Stay@DOMU):ddh_101831[DOMU 06-01 07:00->GLHV 06-01 08:50]-->Flt_107933[GLHV 06-02 08:10->DOMU 06-02 09:55]-->Flt_106859[DOMU 06-02 13:00->FVJZ 06-02 15:50]-->Flt_107194[FVJZ 06-02 16:55->DOMU 06-02 19:50]-->Flt_107260[DOMU 06-03 08:35->LFOL 06-03 11:50]-->Flt_107992[LFOL 06-03 13:00->EYWR 06-03 15:35]-->Flt_107639[EYWR 06-03 19:15->VWIM 06-03 21:30](ddh)-->Flt_107661[VWIM 06-04 20:10->OETZ 06-04 23:25]-->ddh_101605[OETZ 06-05 07:30->HZPW 06-05 09:50]-->2025-Jun-06 00:01:00
Crew_11223(Base@HZPW,Stay@HZPW):2025-Jun-06 00:01:00
Crew_11227(Base@HZPW,Stay@HZPW):2025-Jun-06 00:01:00
Crew_11335(Base@HZPW,Stay@OETZ):Flt_107557[OETZ 06-02 07:30->HZPW 06-02 09:50]-->Flt_108370[HZPW 06-03 07:25->FVJZ 06-03 09:55]-->Flt_109444[FVJZ 06-03 14:30->EYWR 06-03 16:55]-->Flt_108305[EYWR 06-04 18:40->NLLA 06-04 20:45]-->ddh_101679[NLLA 06-05 09:15->HZPW 06-05 11:40]-->2025-Jun-06 00:01:00
Crew_11349(Base@HZPW,Stay@HZPW):Grd_100022[HZPW 05-29 05:00->05-29 18:59]-->Flt_107562[HZPW 06-02 14:35->KKME 06-02 17:25]-->Flt_107269[KKME 06-03 10:55->AAHN 06-03 13:20]-->Flt_108001[AAHN 06-03 18:50->NBCQ 06-03 20:20]-->Flt_108365[NBCQ 06-03 21:20->AAHN 06-03 22:45]-->Flt_108683[AAHN 06-04 11:15->PNNF 06-04 12:50]-->Flt_108357[PNNF 06-04 15:55->EYWR 06-04 17:50](ddh)-->2025-Jun-06 00:01:00
Crew_11365(Base@HZPW,Stay@HZPW):Grd_100076[HZPW 05-31 08:00->05-31 16:30]-->Grd_100077[HZPW 06-01 08:00->06-01 16:30]-->ddh_100126[HZPW 06-01 17:20->DOMU 06-01 19:10]-->Flt_107544[DOMU 06-02 09:00->GLHV 06-02 11:00]-->Flt_108971[GLHV 06-02 15:10->HZPW 06-02 16:40]-->Grd_100078[HZPW 06-03 08:00->06-03 16:30]-->Grd_100079[HZPW 06-04 08:00->06-04 16:30]-->Grd_100080[HZPW 06-05 08:00->06-05 16:30]-->Grd_100081[HZPW 06-06 08:00->06-06 16:30]-->2025-Jun-07 00:01:00
Crew_11370(Base@HZPW,Stay@HZPW):Flt_107229[HZPW 06-02 13:05->VOXP 06-02 14:30]-->Flt_107553[VOXP 06-02 21:15->HEJY 06-02 23:55]-->Flt_106872[HEJY 06-03 15:25->BBZB 06-03 18:15]-->Flt_109428[BBZB 06-04 08:10->DOMU 06-04 10:45]-->Flt_107997[DOMU 06-04 11:50->TUJZ 06-04 14:05]-->Flt_107283[TUJZ 06-04 14:50->HEJY 06-04 17:10]-->2025-Jun-06 00:01:00
Crew_11421(Base@HZPW,Stay@HZPW):2025-Jun-06 00:01:00
Crew_11439(Base@HZPW,Stay@HZPW):Grd_100092[HZPW 05-29 00:00->05-29 23:59]-->Grd_100093[HZPW 05-30 00:00->05-30 23:59]-->Grd_100094[HZPW 05-31 00:00->05-31 23:59]-->ddh_100106[HZPW 06-01 13:00->DOMU 06-01 15:00]-->Flt_108639[DOMU 06-02 13:25->VOXP 06-02 15:10]-->Flt_107560[VOXP 06-02 22:40->OXSQ 06-03 00:25]-->Flt_108684[OXSQ 06-03 16:00->YITW 06-03 18:00](ddh)-->Flt_109398[YITW 06-03 21:05->HZPW 06-04 00:15]-->Flt_107290[HZPW 06-04 17:10->KKME 06-04 19:50]-->Flt_106942[KKME 06-04 20:55->HZPW 06-04 23:25]-->2025-Jun-06 00:01:00
Crew_11454(Base@HZPW,Stay@MCWT):ddh_100670[MCWT 05-27 09:30->HZPW 05-27 15:00]-->Grd_100087[HZPW 06-05 06:00->06-05 12:00]-->Grd_100088[HZPW 06-06 12:15->06-06 18:15]-->2025-Jun-07 00:01:00
Crew_11491(Base@HZPW,Stay@HZPW):Flt_107561[HZPW 06-02 09:40->KKME 06-02 12:40]-->Flt_107193[KKME 06-02 17:55->DOMU 06-02 20:30]-->Flt_106903[DOMU 06-03 08:50->EYWR 06-03 10:25]-->Flt_107630[EYWR 06-03 13:45->KREM 06-03 16:20]-->Flt_109413[KREM 06-03 17:35->EYWR 06-03 20:00]-->Flt_107679[EYWR 06-04 11:15->VGVC 06-04 13:50]-->Flt_107950[VGVC 06-04 20:55->HZPW 06-04 23:10]-->2025-Jun-06 00:01:00
Crew_11507(Base@HZPW,Stay@DOMU):2025-Jun-06 00:01:00
Crew_11517(Base@HZPW,Stay@HZPW):2025-Jun-06 00:01:00
Crew_11525(Base@HZPW,Stay@YBWQ):Flt_108987[YBWQ 06-02 14:50->EYWR 06-02 20:25]-->Flt_109057[EYWR 06-03 12:30->PNNF 06-03 14:50]-->Flt_107991[PNNF 06-03 21:10->NLLA 06-04 00:10]-->ddh_102262[NLLA 06-04 16:20->VWIM 06-04 19:35]-->Flt_107235[VWIM 06-04 22:25->HZPW 06-04 23:55]-->2025-Jun-06 00:01:00
Crew_11587(Base@HZPW,Stay@HZPW):Flt_108318[HZPW 06-03 08:15->YAFY 06-03 09:50]-->Flt_107250[YAFY 06-03 11:00->HZPW 06-03 12:35]-->Flt_109006[HZPW 06-04 11:55->HIUP 06-04 13:50]-->Flt_108713[HIUP 06-04 22:15->HZPW 06-04 23:55]-->2025-Jun-06 00:01:00
Crew_11636(Base@HZPW,Stay@HZPW):Grd_100550[HZPW 05-29 00:00->05-29 23:59]-->Grd_100551[HZPW 05-30 00:00->05-30 23:59]-->Grd_100552[HZPW 05-31 00:00->05-31 23:59]-->ddh_100106[HZPW 06-01 13:00->DOMU 06-01 15:00]-->ddh_101220[DOMU 06-02 15:25->HIUP 06-02 17:20]-->Flt_108965[HIUP 06-02 21:35->KKME 06-02 23:20]-->Flt_108731[KKME 06-03 11:20->EYWR 06-03 13:50]-->Flt_109442[EYWR 06-03 18:25->KKME 06-03 20:55]-->Flt_106936[KKME 06-04 11:20->HIUP 06-04 12:50]-->Flt_108713[HIUP 06-04 22:15->HZPW 06-04 23:55](ddh)-->2025-Jun-06 00:01:00
Crew_11638(Base@HZPW,Stay@HZPW):Grd_100554[HZPW 06-02 00:01->06-07 23:59]-->2025-Jun-08 00:01:00
Crew_11640(Base@HZPW,Stay@DOMU):ddh_100001[DOMU 05-27 09:20->HZPW 05-27 11:00]-->Grd_100555[HZPW 05-29 15:30->05-29 19:30]-->Grd_100556[HZPW 05-30 15:30->05-30 19:30]-->Flt_107926[HZPW 06-02 08:05->SFRI 06-02 10:15]-->ddh_101969[SFRI 06-02 22:00->DOMU 06-03 00:30]-->ddh_100028[DOMU 06-03 12:40->HZPW 06-03 14:00]-->Flt_106589[HZPW 06-03 18:45->MCWT 06-04 00:10]-->Flt_109447[MCWT 06-04 15:50->OXSQ 06-04 20:10]-->Flt_108706[OXSQ 06-04 21:10->DOMU 06-04 22:50]-->ddh_100010[DOMU 06-05 09:20->HZPW 06-05 11:00]-->2025-Jun-06 00:01:00
Crew_11775(Base@HZPW,Stay@HZPW):ddh_102230[HZPW 05-31 12:00->NLLA 05-31 14:45]-->ddh_100269[NLLA 06-01 13:20->EYWR 06-01 15:25]-->Flt_106819[EYWR 06-02 07:15->VUWJ 06-02 09:50]-->Flt_106820[VUWJ 06-02 10:50->EYWR 06-02 13:25]-->Flt_107267[EYWR 06-03 06:40->MPYS 06-03 09:00]-->Flt_109069[MPYS 06-03 13:00->VOXP 06-03 14:55]-->ddh_100346[VOXP 06-03 20:30->DOMU 06-03 22:30]-->ddh_100009[DOMU 06-04 09:20->HZPW 06-04 11:00]-->2025-Jun-06 00:01:00
Crew_11778(Base@HZPW,Stay@HZPW):2025-Jun-06 00:01:00
Crew_11785(Base@HZPW,Stay@DOMU):ddh_100205[DOMU 06-01 09:00->NLLA 06-01 12:15]-->Flt_106827[NLLA 06-02 09:15->QGSX 06-02 12:00]-->Flt_109339[QGSX 06-02 12:45->NLLA 06-02 15:20]-->ddh_100415[NLLA 06-03 08:00->PNNF 06-03 11:10]-->Flt_106934[PNNF 06-03 13:15->HZPW 06-03 15:10]-->Flt_108696[HZPW 06-04 08:10->MPYS 06-04 10:40]-->Flt_109061[MPYS 06-04 11:50->HZPW 06-04 14:25]-->2025-Jun-06 00:01:00
Crew_11786(Base@HZPW,Stay@HZPW):Grd_100264[HZPW 05-30 00:01->05-30 23:59]-->Flt_107555[HZPW 06-02 07:20->OETZ 06-02 09:55]-->Flt_107902[OETZ 06-02 15:25->VWIM 06-02 18:40]-->Flt_109393[VWIM 06-03 11:55->GLHV 06-03 14:25]-->Flt_109394[GLHV 06-03 15:30->VWIM 06-03 18:20]-->Flt_108376[VWIM 06-04 22:10->KKME 06-05 00:25]-->ddh_100420[KKME 06-05 11:15->HZPW 06-05 13:45]-->Grd_100265[HZPW 06-06 00:01->06-06 23:59]-->2025-Jun-07 00:01:00
Crew_11815(Base@HZPW,Stay@HZPW):Flt_107295[HZPW 06-02 10:00->PNNF 06-02 11:55]-->Flt_108992[PNNF 06-02 18:15->HZPW 06-02 20:10]-->Flt_109433[HZPW 06-03 09:40->KKME 06-03 12:40]-->Flt_106930[KKME 06-03 13:50->HZPW 06-03 16:15]-->Flt_109395[HZPW 06-04 17:10->YITW 06-04 20:00]-->Flt_107615[YITW 06-04 21:05->HZPW 06-05 00:15]-->2025-Jun-06 00:01:00
Crew_11846(Base@HZPW,Stay@HZPW):ddh_100106[HZPW 06-01 13:00->DOMU 06-01 15:00]-->ddh_100077[DOMU 06-02 10:30->AAHN 06-02 12:15]-->Flt_109364[AAHN 06-02 19:30->GLHV 06-02 21:10]-->ddh_101847[GLHV 06-03 10:10->DOMU 06-03 11:55]-->Flt_106880[DOMU 06-03 15:00->GLHV 06-03 17:00]-->Flt_106568[GLHV 06-04 10:55->AAHN 06-04 12:45]-->Flt_106569[AAHN 06-04 13:35->DSQK 06-04 15:15]-->Flt_106896[DSQK 06-04 19:45->LLZL 06-04 22:20]-->2025-Jun-06 00:01:00
Crew_11860(Base@HZPW,Stay@HZPW):Grd_100309[HZPW 05-29 14:30->05-29 16:30]-->ddh_100106[HZPW 06-01 13:00->DOMU 06-01 15:00]-->Flt_107898[DOMU 06-02 07:15->KKME 06-02 09:50]-->Flt_106857[KKME 06-02 19:05->VWIM 06-02 21:05](ddh)-->Flt_109040[VWIM 06-03 11:50->KKME 06-03 14:05]-->Flt_106926[KKME 06-03 21:15->AAHN 06-03 23:45]-->ddh_100159[AAHN 06-04 15:30->DOMU 06-04 17:30]-->Flt_108387[DOMU 06-04 21:25->BBZB 06-04 23:50]-->2025-Jun-06 00:01:00
Crew_11950(Base@HZPW,Stay@HZPW):ddh_100106[HZPW 06-01 13:00->DOMU 06-01 15:00]-->Flt_106855[DOMU 06-02 07:05->OXSQ 06-02 08:55](ddh)-->Flt_109060[OXSQ 06-03 09:55->QGSX 06-03 11:50]-->Flt_108352[QGSX 06-03 12:35->OXSQ 06-03 14:30]-->Flt_106578[OXSQ 06-03 22:20->AAHN 06-03 23:50](ddh)-->Flt_106585[AAHN 06-04 11:50->KKME 06-04 14:20]-->Flt_106577[KKME 06-04 17:55->DOMU 06-04 20:30]-->ddh_100010[DOMU 06-05 09:20->HZPW 06-05 11:00]-->2025-Jun-06 00:01:00
Crew_11988(Base@HZPW,Stay@HZPW):Grd_100200[HZPW 05-29 00:00->05-29 23:59]-->Grd_100201[HZPW 05-30 00:00->05-30 23:59]-->Grd_100202[HZPW 05-31 00:00->05-31 23:59]-->ddh_100106[HZPW 06-01 13:00->DOMU 06-01 15:00]-->Flt_107228[DOMU 06-02 09:10->XHFE 06-02 12:25]-->Flt_108645[XHFE 06-02 13:25->DOMU 06-02 16:40]-->Flt_106570[DOMU 06-03 07:15->VGVC 06-03 09:40]-->Flt_109430[VGVC 06-03 11:15->HZPW 06-03 13:25]-->ddh_100118[HZPW 06-03 16:10->DOMU 06-03 18:00]-->Flt_106565[DOMU 06-04 06:30->AFPF 06-04 08:05]-->Flt_107641[AFPF 06-04 09:20->AAHN 06-04 10:55]-->Flt_107668[AAHN 06-04 14:20->FXWC 06-04 17:00]-->2025-Jun-06 00:01:00
Crew_12042(Base@HZPW,Stay@HZPW):Grd_100362[HZPW 05-29 12:00->05-29 23:59]-->ddh_100106[HZPW 06-01 13:00->DOMU 06-01 15:00]-->Flt_109333[DOMU 06-02 09:05->SFRI 06-02 11:25](ddh)-->Flt_108260[SFRI 06-02 12:25->DOMU 06-02 14:45]-->ddh_100057[DOMU 06-02 19:20->HZPW 06-02 21:45]-->Flt_107648[HZPW 06-03 10:00->NLLA 06-03 12:40]-->ddh_101543[NLLA 06-04 07:40->UXVH 06-04 11:25]-->Flt_106575[UXVH 06-04 14:35->HZPW 06-04 17:05]-->2025-Jun-06 00:01:00
Crew_12064(Base@HZPW,Stay@DOMU):ddh_100001[DOMU 05-27 09:20->HZPW 05-27 11:00]-->Grd_100383[HZPW 05-29 20:45->05-30 00:45]-->Grd_100384[HZPW 05-30 19:45->05-30 23:45]-->Flt_108969[HZPW 06-02 11:10->MCVK 06-02 16:00]-->Flt_109007[MCVK 06-03 08:00->DOMU 06-03 12:20]-->Flt_106571[DOMU 06-03 16:25->NBCQ 06-03 17:55]-->Flt_108699[NBCQ 06-03 18:50->DOMU 06-03 20:10](ddh)-->Flt_108727[DOMU 06-04 09:05->VDBQ 06-04 12:20]-->Flt_106956[VDBQ 06-04 13:20->DOMU 06-04 16:20]-->ddh_100059[DOMU 06-04 19:20->HZPW 06-04 21:45]-->2025-Jun-06 00:01:00
Crew_12162(Base@HZPW,Stay@HZPW):2025-Jun-06 00:01:00
Crew_12188(Base@HZPW,Stay@HZPW):Grd_100506[HZPW 06-01 00:00->06-01 23:59]-->ddh_100107[HZPW 06-02 13:00->DOMU 06-02 15:00]-->Flt_108964[DOMU 06-02 17:35->XCCH 06-02 18:45]-->Flt_107195[XCCH 06-02 19:35->WKDC 06-02 22:30]-->Flt_107259[WKDC 06-03 13:05->DOMU 06-03 16:45]-->Flt_108701[DOMU 06-04 06:35->HIUP 06-04 08:30]-->Flt_109437[HIUP 06-04 09:30->DOMU 06-04 11:10]-->Flt_108000[DOMU 06-04 14:15->KKME 06-04 16:50]-->Flt_106942[KKME 06-04 20:55->HZPW 06-04 23:25](ddh)-->2025-Jun-06 00:01:00
Crew_12195(Base@HZPW,Stay@GLHV):ddh_101447[GLHV 05-27 15:10->HZPW 05-27 16:40]-->Grd_100518[HZPW 05-29 16:30->05-29 18:30]-->Flt_107918[HZPW 06-02 09:20->YBWQ 06-02 14:00]-->Flt_107958[YBWQ 06-03 14:50->EYWR 06-03 20:25]-->Flt_109083[EYWR 06-04 19:15->VWIM 06-04 21:30]-->2025-Jun-06 00:01:00
Crew_12361(Base@HZPW,Stay@HZPW):Grd_100542[HZPW 06-01 00:01->06-06 23:59]-->2025-Jun-07 00:01:00
Crew_12442(Base@HZPW,Stay@HZPW):2025-Jun-06 00:01:00
Crew_12448(Base@HZPW,Stay@DOMU):ddh_100076[DOMU 06-01 10:30->AAHN 06-01 12:15]-->Flt_107220[AAHN 06-02 13:35->DSQK 06-02 15:15]-->Flt_106842[DSQK 06-02 21:00->AAHN 06-02 22:40]-->Flt_108009[AAHN 06-03 11:15->PNNF 06-03 12:50]-->Flt_106572[PNNF 06-03 18:25->DOMU 06-03 20:00]-->Flt_107944[DOMU 06-04 14:00->BBZB 06-04 16:40]-->Flt_108291[BBZB 06-04 17:45->DOMU 06-04 20:15]-->ddh_100010[DOMU 06-05 09:20->HZPW 06-05 11:00]-->Grd_100609[HZPW 06-06 00:01->06-11 23:59]-->2025-Jun-12 00:01:00
Crew_12450(Base@HZPW,Stay@HZPW):ddh_100097[HZPW 06-02 09:50->DOMU 06-02 11:20]-->Flt_108618[DOMU 06-02 15:00->GLHV 06-02 17:00]-->Flt_109388[GLHV 06-03 13:55->VWIM 06-03 16:20]-->Flt_107279[VWIM 06-03 20:10->OETZ 06-03 23:25]-->Flt_107618[OETZ 06-04 11:45->FVJZ 06-04 14:00]-->Flt_108715[FVJZ 06-04 22:05->OXSQ 06-05 00:05](ddh)-->2025-Jun-06 00:01:00
Crew_12523(Base@HZPW,Stay@HZPW):Flt_107296[HZPW 06-02 19:25->NYOP 06-03 00:50]-->Flt_107282[NYOP 06-04 00:30->DOMU 06-04 06:20]-->Flt_108303[DOMU 06-04 21:20->EYWR 06-04 22:55]-->2025-Jun-06 00:01:00
Crew_12557(Base@HZPW,Stay@HZPW):ddh_102230[HZPW 05-31 12:00->NLLA 05-31 14:45]-->ddh_100269[NLLA 06-01 13:20->EYWR 06-01 15:25]-->Flt_106831[EYWR 06-02 17:00->YITW 06-02 19:50]-->Flt_108980[YITW 06-02 20:55->EYWR 06-02 23:30]-->Flt_106902[EYWR 06-03 13:40->DOMU 06-03 15:25]-->Flt_107681[DOMU 06-03 18:50->HEJY 06-03 22:40]-->2025-Jun-06 00:01:00
========= Performance =========
Ttl flying time: 461:35:00
No. assigned flights: 190
No. unassigned flights: 251
	 unassigned flights: 108283 107583 108256 108623 108627 109337 107909 109356 106856 108994 107942 106860 108975 107563 107568 108629 107230 109362 106821 109363 107901 109353 106847 107567 109351 108407 109354 108263 109321 107207 108991 108972 108963 109336 108375 108286 107545 106948 108979 108646 108279 106826 106828 109332 106825 108289 106838 108266 106822 107223 106839 106851 107575 109114 107916 108287 108636 108630 108643 106818 109331 107574 108262 107941 108635 106992 107231 109326 108988 109355 106834 106835 107915 108628 108999 107573 106852 107664 108651 107900 108682 108364 107642 106579 106591 106957 108729 108730 108658 107306 107239 108667 107607 108670 107251 108679 109033 107971 108329 109053 108349 107636 109420 107644 107643 107628 108371 106935 108366 109429 107963 108008 108668 109392 108021 108355 108662 109058 107952 107629 107964 107588 109049 108669 107981 109412 107280 108354 108345 107657 106919 107614 109062 109054 107674 108698 106925 108692 107268 106889 107608 109072 107655 108337 108336 107600 109443 107613 109441 109086 108293 109068 107622 106943 106910 106901 106890 107299 109375 109050 106920 109432 106582 107656 109021 107986 108728 108700 106578 107316 109073 109426 106950 106951 107945 108296 108298 107265 107625 107266 107626 109055 109067 107289 106949 109449 107665 106588 109368 108304 107973 106932 109063 108297 107990 107989 109074 107994 108308 106869 109071 109066 108707 106581 107293 107275 108723 109004 109371 108309 108724 107303 109422 109410 108015 109005 109423 106883 106566 108362 107294 109012 108011 109011 108657 107943 109046 109402 109436 106862 109396 109425 106937 108369 108714 107678 107673 109079 106944 108702 106945 109369 109427 107645 107972 108333 107996 107263 106924 107627 106928 
No. cancelled ground duties: 0
	 canceleld ground duties : 
