Total Solving Time: 00:00:40
========= Crew Roster =========
No. crew = 25
Crew_10078(Base@OXSQ,Stay@OXSQ):Grd_100048[OXSQ 05-31 08:00->05-31 16:30]-->Grd_100049[OXSQ 06-01 08:00->06-01 16:30]-->Grd_100050[OXSQ 06-03 08:00->06-03 16:30]-->Grd_100051[OXSQ 06-04 08:00->06-04 16:30]-->Grd_100052[OXSQ 06-05 08:00->06-05 16:30]-->Grd_100053[OXSQ 06-06 08:00->06-06 16:30]-->2025-Jun-07 00:01:00
Crew_10079(Base@OXSQ,Stay@OXSQ):2025-Jun-06 00:01:00
Crew_10084(Base@OXSQ,Stay@OXSQ):Grd_100054[OXSQ 05-29 00:00->05-29 23:59]-->Grd_100055[OXSQ 05-30 00:00->05-30 23:59]-->Grd_100056[OXSQ 05-31 00:00->05-31 23:59]-->Grd_100057[OXSQ 06-01 00:00->06-02 23:59]-->Flt_110455[OXSQ 06-03 15:30->AAHN 06-03 17:05](ddh)-->Flt_110099[AAHN 06-04 12:20->OXSQ 06-04 14:05]-->Flt_110101[OXSQ 06-04 17:15->EYWR 06-04 18:55]-->ddh_101994[EYWR 06-05 06:50->OXSQ 06-05 08:35]-->2025-Jun-06 00:01:00
Crew_10210(Base@OXSQ,Stay@OXSQ):2025-Jun-06 00:01:00
Crew_10237(Base@OXSQ,Stay@OXSQ):Grd_100150[OXSQ 06-04 14:15->06-04 16:15]-->Flt_110064[OXSQ 06-04 17:05->DOMU 06-04 18:40]-->ddh_100351[DOMU 06-05 07:05->OXSQ 06-05 08:55]-->2025-Jun-06 00:01:00
Crew_10296(Base@OXSQ,Stay@OETZ):ddh_101380[OETZ 05-27 11:05->OXSQ 05-27 13:45]-->Grd_100186[OXSQ 06-01 06:00->06-01 12:00]-->2025-Jun-06 00:01:00
Crew_10324(Base@OXSQ,Stay@OXSQ):Grd_100010[OXSQ 05-31 08:00->05-31 16:30]-->Grd_100011[OXSQ 06-01 08:00->06-01 16:30]-->Grd_100012[OXSQ 06-03 08:00->06-03 16:30]-->Grd_100013[OXSQ 06-04 08:00->06-04 16:30]-->Grd_100014[OXSQ 06-05 08:00->06-05 16:30]-->Grd_100015[OXSQ 06-06 08:00->06-06 16:30]-->2025-Jun-07 00:01:00
Crew_10613(Base@OXSQ,Stay@OXSQ):Flt_110375[OXSQ 06-02 19:00->GLHV 06-02 20:50](ddh)-->Flt_110754[GLHV 06-02 21:55->OXSQ 06-02 23:45]-->Flt_110414[OXSQ 06-03 14:35->UXVH 06-03 16:55]-->ddh_101357[UXVH 06-03 19:20->DOMU 06-03 21:35]-->ddh_100029[DOMU 06-04 12:40->HZPW 06-04 14:00]-->Flt_110088[HZPW 06-04 17:30->GLHV 06-04 19:00]-->2025-Jun-06 00:01:00
Crew_10646(Base@OXSQ,Stay@HZPW):2025-Jun-06 00:01:00
Crew_10718(Base@OXSQ,Stay@DOMU):Flt_110739[DOMU 06-02 07:10->VGVC 06-02 09:40]-->Flt_110740[VGVC 06-02 11:15->HZPW 06-02 13:25]-->Flt_110756[HZPW 06-02 17:10->KKME 06-02 19:50](ddh)-->Flt_109465[KKME 06-03 11:15->HZPW 06-03 13:45]-->Flt_110090[HZPW 06-04 08:00->PNNF 06-04 09:55]-->Flt_109782[PNNF 06-04 21:05->LLZL 06-05 00:15](ddh)-->2025-Jun-06 00:01:00
Crew_10742(Base@OXSQ,Stay@OXSQ):Grd_100354[OXSQ 05-29 05:00->05-29 18:59]-->Flt_110463[OXSQ 06-03 07:20->TUJZ 06-03 09:25]-->Flt_109779[TUJZ 06-03 10:10->OXSQ 06-03 12:15]-->Flt_110455[OXSQ 06-03 15:30->AAHN 06-03 17:05](ddh)-->Flt_110490[AAHN 06-04 07:20->VOXP 06-04 09:00]-->ddh_100541[VOXP 06-04 12:30->DOMU 06-04 14:20]-->ddh_100351[DOMU 06-05 07:05->OXSQ 06-05 08:55]-->2025-Jun-06 00:01:00
Crew_10756(Base@OXSQ,Stay@OXSQ):Flt_110744[OXSQ 06-02 11:00->HZPW 06-02 12:35]-->ddh_100117[HZPW 06-02 16:10->DOMU 06-02 18:00]-->ddh_101672[DOMU 06-03 09:10->BBZB 06-03 11:50]-->Flt_109759[BBZB 06-03 17:45->DOMU 06-03 20:15]-->Flt_109464[DOMU 06-04 09:00->GLHV 06-04 11:00]-->ddh_100350[GLHV 06-04 16:10->DOMU 06-04 17:50]-->ddh_100351[DOMU 06-05 07:05->OXSQ 06-05 08:55]-->2025-Jun-06 00:01:00
Crew_10828(Base@OXSQ,Stay@OXSQ):Flt_110744[OXSQ 06-02 11:00->HZPW 06-02 12:35](ddh)-->Flt_110114[HZPW 06-03 17:30->VGVC 06-03 19:55]-->Flt_110083[VGVC 06-04 20:00->AAHN 06-04 22:15]-->ddh_101427[AAHN 06-05 07:05->OXSQ 06-05 08:50]-->2025-Jun-06 00:01:00
Crew_10834(Base@OXSQ,Stay@OXSQ):Flt_110744[OXSQ 06-02 11:00->HZPW 06-02 12:35](ddh)-->Flt_110372[HZPW 06-02 17:30->VGVC 06-02 19:55]-->ddh_101612[VGVC 06-03 12:35->EYWR 06-03 14:50]-->Flt_109455[EYWR 06-04 11:55->WKDC 06-04 14:40]-->Flt_109754[WKDC 06-04 17:55->EYWR 06-04 20:50]-->ddh_101994[EYWR 06-05 06:50->OXSQ 06-05 08:35]-->2025-Jun-06 00:01:00
Crew_10881(Base@OXSQ,Stay@OXSQ):Flt_110375[OXSQ 06-02 19:00->GLHV 06-02 20:50]-->ddh_102060[GLHV 06-03 16:10->DOMU 06-03 17:50]-->Flt_109758[DOMU 06-03 21:30->KKME 06-04 00:10]-->Flt_109454[KKME 06-04 17:30->EYWR 06-04 20:05]-->ddh_101994[EYWR 06-05 06:50->OXSQ 06-05 08:35]-->2025-Jun-06 00:01:00
Crew_11031(Base@OXSQ,Stay@OXSQ):Flt_110455[OXSQ 06-03 15:30->AAHN 06-03 17:05]-->Flt_110105[AAHN 06-04 07:00->XLOC 06-04 09:15]-->Flt_110106[XLOC 06-04 10:05->DOMU 06-04 11:55]-->ddh_100089[DOMU 06-04 16:30->AAHN 06-04 18:15]-->ddh_101427[AAHN 06-05 07:05->OXSQ 06-05 08:50]-->2025-Jun-06 00:01:00
Crew_11054(Base@OXSQ,Stay@OXSQ):Flt_110744[OXSQ 06-02 11:00->HZPW 06-02 12:35](ddh)-->Flt_110743[HZPW 06-02 20:10->OETZ 06-02 23:00]-->Flt_110069[OETZ 06-04 07:45->HIUP 06-04 09:40]-->ddh_101233[HIUP 06-04 18:20->DOMU 06-04 20:05]-->ddh_100351[DOMU 06-05 07:05->OXSQ 06-05 08:55]-->2025-Jun-06 00:01:00
Crew_11056(Base@OXSQ,Stay@OXSQ):Flt_110744[OXSQ 06-02 11:00->HZPW 06-02 12:35](ddh)-->Flt_109731[HZPW 06-04 14:35->KKME 06-04 17:25]-->2025-Jun-06 00:01:00
Crew_11518(Base@OXSQ,Stay@OXSQ):Flt_110744[OXSQ 06-02 11:00->HZPW 06-02 12:35](ddh)-->Flt_110756[HZPW 06-02 17:10->KKME 06-02 19:50]-->Flt_110413[KKME 06-03 08:05->DOMU 06-03 10:20]-->ddh_100851[DOMU 06-03 13:00->GLHV 06-03 14:45]-->Flt_110109[GLHV 06-04 08:25->VWIM 06-04 10:45]-->Flt_110110[VWIM 06-04 11:55->GLHV 06-04 14:25]-->2025-Jun-06 00:01:00
Crew_12037(Base@OXSQ,Stay@OXSQ):Grd_100353[OXSQ 06-04 14:15->06-04 16:15]-->2025-Jun-06 00:01:00
Crew_12058(Base@OXSQ,Stay@BBZB):ddh_102250[BBZB 06-01 12:50->DOMU 06-01 15:25]-->Flt_110384[DOMU 06-02 07:50->OETZ 06-02 10:55]-->Flt_110762[OETZ 06-02 12:35->DOMU 06-02 15:25]-->ddh_100068[DOMU 06-03 06:00->AAHN 06-03 07:30]-->Flt_110443[AAHN 06-03 11:40->BBZB 06-03 14:15]-->Flt_109759[BBZB 06-03 17:45->DOMU 06-03 20:15](ddh)-->ddh_100009[DOMU 06-04 09:20->HZPW 06-04 11:00]-->Flt_110454[HZPW 06-04 18:50->OXSQ 06-04 20:30]-->2025-Jun-06 00:01:00
Crew_12258(Base@OXSQ,Stay@OXSQ):Flt_110744[OXSQ 06-02 11:00->HZPW 06-02 12:35](ddh)-->Flt_110080[HZPW 06-04 10:00->NLLA 06-04 12:40]-->2025-Jun-06 00:01:00
Crew_12456(Base@OXSQ,Stay@OXSQ):Flt_110744[OXSQ 06-02 11:00->HZPW 06-02 12:35](ddh)-->ddh_102000[HZPW 06-03 12:00->NLLA 06-03 14:45]-->Flt_110431[NLLA 06-03 20:05->HZPW 06-03 22:45]-->ddh_100109[HZPW 06-04 13:00->DOMU 06-04 15:00]-->Flt_110095[DOMU 06-04 19:35->MCVK 06-04 23:50]-->2025-Jun-06 00:01:00
Crew_12457(Base@OXSQ,Stay@OXSQ):Grd_100627[OXSQ 06-03 00:00->06-08 23:59]-->2025-Jun-09 00:01:00
Crew_12482(Base@OXSQ,Stay@OXSQ):Flt_110455[OXSQ 06-03 15:30->AAHN 06-03 17:05](ddh)-->Flt_110468[AAHN 06-04 07:00->KKME 06-04 09:40]-->Flt_109454[KKME 06-04 17:30->EYWR 06-04 20:05](ddh)-->ddh_101994[EYWR 06-05 06:50->OXSQ 06-05 08:35]-->2025-Jun-06 00:01:00
========= Performance =========
Ttl flying time: 96:55:00
No. assigned flights: 42
No. unassigned flights: 133
	 unassigned flights: 110052 110059 109696 110755 109708 110378 110392 109717 110047 109726 109710 110748 110014 109453 110058 109709 110742 110475 110041 109695 110366 110036 110763 110043 110053 110055 110747 110054 109702 110383 110389 110031 110025 109725 110390 110016 110379 110396 110373 110400 110391 110753 110030 110048 110032 110758 110736 109724 109697 110365 110367 109694 110019 110117 110028 110393 110024 110017 110741 110749 110037 109790 109701 110442 110456 110093 110457 110476 109801 110404 109739 110420 110466 109783 110120 110477 109466 110412 110464 110487 109749 110478 110119 110103 110104 110065 110113 110451 110467 109787 109738 109744 109778 109757 109766 109745 110488 110112 110419 110123 110130 109760 110430 110441 109784 110469 110460 109772 109781 110486 110470 109450 110491 110480 109728 110096 109798 109456 110411 110407 110116 110129 110479 110091 109786 110079 110125 110481 110461 110408 110111 110082 109782 
No. cancelled ground duties: 1
	 canceleld ground duties : 100628 
